16/09/14 23:01:25 : Socket Error # 11001<EOL>Host not found.
16/09/14 23:03:18 : Socket Error # 11001<EOL>Host not found.
16/09/14 23:03:56 : Socket Error # 11001<EOL>Host not found.
16/09/14 23:05:13 : Socket Error # 11001<EOL>Host not found.
16/09/14 23:07:10 : Socket Error # 11001<EOL>Host not found.
16/09/14 23:08:01 : Socket Error # 11001<EOL>Host not found.
16/09/14 23:08:38 : Socket Error # 11001<EOL>Host not found.
16/09/14 23:09:32 : Socket Error # 11001<EOL>Host not found.
16/09/14 23:09:44 : Socket Error # 11001<EOL>Host not found.
16/09/14 23:10:23 : Socket Error # 11001<EOL>Host not found.
16/09/14 23:10:33 : Socket Error # 11001<EOL>Host not found.
16/09/14 23:12:44 : Socket Error # 11001<EOL>Host not found.
16/09/21 17:40:32 : Socket Error # 11001<EOL>Host not found.
16/09/21 17:40:48 : Socket Error # 11001<EOL>Host not found.
16/09/21 17:42:17 : Socket Error # 11001<EOL>Host not found.
16/09/21 17:49:41 : Socket Error # 11001<EOL>Host not found.
16/09/21 17:49:46 : Socket Error # 11001<EOL>Host not found.
16/09/21 17:50:46 : Socket Error # 11001<EOL>Host not found.
16/09/21 17:50:52 : Socket Error # 11001<EOL>Host not found.
16/09/21 17:59:54 : <https://accounts.google.com/signin/continue?sarp=1&scc=1&plt=AKgnsbu6<EOL>9oDc68kRoMsQOC6YGWiqB_AZUzXpzPCPhYXhs-zvo-R9rsYA3XJHeUM7R8pb33uR5wrG5E<EOL>L1SdA8XiJjvxaim3Sz5QRoMvCmqb8n48nWJDKJRJ6JcFfps6nyexCeSl99T1UMzLJQNdqF<EOL>1he-R1NPQgRG_QGDLQuWP6yuc2nRWRNX1Zjl19vO58CiOZSjluCgcVv8sR4HLSN6OZr-w3<EOL>ipbnuMK5HWFXmeVxTUetlS_pHwaSg> Please log in via your web browser and<EOL>then try again.<EOL> Learn more at<EOL> https://support.google.com/mail/answer/78754 r8sm34254437wjs.22 - gsmtp<EOL>
16/09/21 18:00:18 : <https://accounts.google.com/signin/continue?sarp=1&scc=1&plt=AKgnsbux<EOL>BkL3Xje49OODZzPBIkgtkltbOVVu4XOA19BrfWoXncqhwWmufYwY77ROYmXemnt2jKWM1R<EOL>7-9tC8XSWZbf7t6YHyACvbauPq1LDAbozBOhNyyhZjOFbLXsD5v3rDvaqZQjaJRJFSuHEM<EOL>UF4AGRPS58PTV-wkwpSkaJJSNZcF1K6hKmIYASFYAlSBZfEGBMrRiw15FinMVbMrPGO-yb<EOL>lBxbqV40t0W4jcJ83WbmVEeRhilNM> Please log in via your web browser and<EOL>then try again.<EOL> Learn more at<EOL> https://support.google.com/mail/answer/78754 jn7sm34248790wjb.5 - gsmtp<EOL>
16/09/21 18:00:30 : <https://accounts.google.com/signin/continue?sarp=1&scc=1&plt=AKgnsbtI<EOL>nF0RU2Wau2P2hS9ymregLr0aaxNhj2180tmJaVrSMPsiLqZCbdDX7YMQzVEEtIH8YEsOnB<EOL>MFdq44uRQJeefYaXvyF2du18ixA_msjgPxDWNhGsM-pb_iDbuYLOM65F9qUtpiq5S5klkL<EOL>7LBJ6tbhxL-1iJkQiU-8w-dX6yM3htvbwdSBA6mmvpBa4kaCQ-3NafVBQk9enTJ64_S0ya<EOL>4TXnL4NNiLWySCiImD5K4Y_k-CE0E> Please log in via your web browser and<EOL>then try again.<EOL> Learn more at<EOL> https://support.google.com/mail/answer/78754 n7sm34253192wjs.34 - gsmtp<EOL>
16/09/21 18:00:32 : <https://accounts.google.com/signin/continue?sarp=1&scc=1&plt=AKgnsbtG<EOL>N4pKFv0u7jnv4GpZD7C8yjWrW4vzQ_zj5SP_ZtPQtA39aNCnGxd5wehEHohO4WPAaK5k9t<EOL>SPlxoSEj1ITSI8yTb_k44bGvF4oIf7EPeLWi1f0tZ4H6IkvVxqJqj7rZ4ogG56bygk3KUZ<EOL>AmQjvyuuHeKUfgpt-uspCIBPglCA2Jhv89lk0vvT1IoXtzit0mh7EhtwBbU-IeU-u5k2y_<EOL>uhUCNxAIcQFRLQmHRUFRAHAzeCq0g> Please log in via your web browser and<EOL>then try again.<EOL> Learn more at<EOL> https://support.google.com/mail/answer/78754 ab9sm34266669wjc.7 - gsmtp<EOL>
